<?xml version="1.0" encoding="UTF-8"?>
<testsuite xmlns:xsi="http://www.w3.org/2001/XMLSchema-instance" xsi:noNamespaceSchemaLocation="https://maven.apache.org/surefire/maven-surefire-plugin/xsd/surefire-test-report-3.0.xsd" version="3.0" name="com.vattima.lego.inventory.service.impl.ItemInventoryServiceTest" time="0.725" tests="1" errors="0" skipped="0" failures="0">
  <properties>
    <property name="java.specification.version" value="22"/>
    <property name="sun.cpu.isalist" value="amd64"/>
    <property name="sun.jnu.encoding" value="Cp1252"/>
    <property name="java.class.path" value="D:\dev\projects\lego-collection\lego-data-service\lego-data-service-impl\target\test-classes;D:\dev\projects\lego-collection\lego-data-service\lego-data-service-impl\target\classes;D:\dev\.m2_repo\org\springframework\boot\spring-boot-starter\3.3.3\spring-boot-starter-3.3.3.jar;D:\dev\.m2_repo\org\springframework\boot\spring-boot\3.3.3\spring-boot-3.3.3.jar;D:\dev\.m2_repo\org\springframework\spring-context\6.1.12\spring-context-6.1.12.jar;D:\dev\.m2_repo\org\springframework\spring-aop\6.1.12\spring-aop-6.1.12.jar;D:\dev\.m2_repo\org\springframework\spring-beans\6.1.12\spring-beans-6.1.12.jar;D:\dev\.m2_repo\org\springframework\spring-expression\6.1.12\spring-expression-6.1.12.jar;D:\dev\.m2_repo\io\micrometer\micrometer-observation\1.13.3\micrometer-observation-1.13.3.jar;D:\dev\.m2_repo\io\micrometer\micrometer-commons\1.13.3\micrometer-commons-1.13.3.jar;D:\dev\.m2_repo\org\springframework\boot\spring-boot-autoconfigure\3.3.3\spring-boot-autoconfigure-3.3.3.jar;D:\dev\.m2_repo\org\springframework\boot\spring-boot-starter-logging\3.3.3\spring-boot-starter-logging-3.3.3.jar;D:\dev\.m2_repo\ch\qos\logback\logback-classic\1.5.7\logback-classic-1.5.7.jar;D:\dev\.m2_repo\ch\qos\logback\logback-core\1.5.7\logback-core-1.5.7.jar;D:\dev\.m2_repo\org\apache\logging\log4j\log4j-to-slf4j\2.23.1\log4j-to-slf4j-2.23.1.jar;D:\dev\.m2_repo\org\apache\logging\log4j\log4j-api\2.23.1\log4j-api-2.23.1.jar;D:\dev\.m2_repo\org\slf4j\jul-to-slf4j\2.0.16\jul-to-slf4j-2.0.16.jar;D:\dev\.m2_repo\jakarta\annotation\jakarta.annotation-api\2.1.1\jakarta.annotation-api-2.1.1.jar;D:\dev\.m2_repo\org\springframework\spring-core\6.1.12\spring-core-6.1.12.jar;D:\dev\.m2_repo\org\springframework\spring-jcl\6.1.12\spring-jcl-6.1.12.jar;D:\dev\.m2_repo\org\yaml\snakeyaml\2.2\snakeyaml-2.2.jar;D:\dev\.m2_repo\org\mybatis\spring\boot\mybatis-spring-boot-starter\3.0.3\mybatis-spring-boot-starter-3.0.3.jar;D:\dev\.m2_repo\org\springframework\boot\spring-boot-starter-jdbc\3.3.3\spring-boot-starter-jdbc-3.3.3.jar;D:\dev\.m2_repo\org\springframework\spring-jdbc\6.1.12\spring-jdbc-6.1.12.jar;D:\dev\.m2_repo\org\mybatis\spring\boot\mybatis-spring-boot-autoconfigure\3.0.3\mybatis-spring-boot-autoconfigure-3.0.3.jar;D:\dev\.m2_repo\org\mybatis\mybatis\3.5.14\mybatis-3.5.14.jar;D:\dev\.m2_repo\org\mybatis\mybatis-spring\3.0.3\mybatis-spring-3.0.3.jar;D:\dev\projects\lego-collection\lego-data-service\lego-data-service-model\target\lego-data-service-model-1.0.0-SNAPSHOT.jar;D:\dev\.m2_repo\net\lego\lego-data\1.3.0-SNAPSHOT\lego-data-1.3.0-SNAPSHOT.jar;D:\dev\.m2_repo\com\mysql\mysql-connector-j\8.3.0\mysql-connector-j-8.3.0.jar;D:\dev\.m2_repo\com\fasterxml\jackson\datatype\jackson-datatype-jsr310\2.17.2\jackson-datatype-jsr310-2.17.2.jar;D:\dev\.m2_repo\com\fasterxml\jackson\core\jackson-annotations\2.17.2\jackson-annotations-2.17.2.jar;D:\dev\.m2_repo\com\fasterxml\jackson\core\jackson-core\2.17.2\jackson-core-2.17.2.jar;D:\dev\.m2_repo\com\fasterxml\jackson\core\jackson-databind\2.17.2\jackson-databind-2.17.2.jar;D:\dev\.m2_repo\com\fasterxml\jackson\datatype\jackson-datatype-jdk8\2.17.2\jackson-datatype-jdk8-2.17.2.jar;D:\dev\.m2_repo\com\zaxxer\HikariCP\5.1.0\HikariCP-5.1.0.jar;D:\dev\.m2_repo\org\slf4j\slf4j-api\2.0.16\slf4j-api-2.0.16.jar;D:\dev\.m2_repo\org\apache\commons\commons-lang3\3.17.0\commons-lang3-3.17.0.jar;D:\dev\.m2_repo\org\springframework\boot\spring-boot-starter-test\3.3.3\spring-boot-starter-test-3.3.3.jar;D:\dev\.m2_repo\org\springframework\boot\spring-boot-test\3.3.3\spring-boot-test-3.3.3.jar;D:\dev\.m2_repo\org\springframework\boot\spring-boot-test-autoconfigure\3.3.3\spring-boot-test-autoconfigure-3.3.3.jar;D:\dev\.m2_repo\com\jayway\jsonpath\json-path\2.9.0\json-path-2.9.0.jar;D:\dev\.m2_repo\jakarta\xml\bind\jakarta.xml.bind-api\4.0.2\jakarta.xml.bind-api-4.0.2.jar;D:\dev\.m2_repo\jakarta\activation\jakarta.activation-api\2.1.3\jakarta.activation-api-2.1.3.jar;D:\dev\.m2_repo\net\minidev\json-smart\2.5.1\json-smart-2.5.1.jar;D:\dev\.m2_repo\net\minidev\accessors-smart\2.5.1\accessors-smart-2.5.1.jar;D:\dev\.m2_repo\org\ow2\asm\asm\9.6\asm-9.6.jar;D:\dev\.m2_repo\org\awaitility\awaitility\4.2.2\awaitility-4.2.2.jar;D:\dev\.m2_repo\org\hamcrest\hamcrest\2.2\hamcrest-2.2.jar;D:\dev\.m2_repo\org\junit\jupiter\junit-jupiter\5.11.0\junit-jupiter-5.11.0.jar;D:\dev\.m2_repo\org\junit\jupiter\junit-jupiter-engine\5.11.0\junit-jupiter-engine-5.11.0.jar;D:\dev\.m2_repo\org\junit\platform\junit-platform-engine\1.11.0\junit-platform-engine-1.11.0.jar;D:\dev\.m2_repo\org\mockito\mockito-core\5.11.0\mockito-core-5.11.0.jar;D:\dev\.m2_repo\net\bytebuddy\byte-buddy-agent\1.14.19\byte-buddy-agent-1.14.19.jar;D:\dev\.m2_repo\org\objenesis\objenesis\3.3\objenesis-3.3.jar;D:\dev\.m2_repo\org\mockito\mockito-junit-jupiter\5.11.0\mockito-junit-jupiter-5.11.0.jar;D:\dev\.m2_repo\org\skyscreamer\jsonassert\1.5.3\jsonassert-1.5.3.jar;D:\dev\.m2_repo\com\vaadin\external\google\android-json\0.0.20131108.vaadin1\android-json-0.0.20131108.vaadin1.jar;D:\dev\.m2_repo\org\springframework\spring-test\6.1.12\spring-test-6.1.12.jar;D:\dev\.m2_repo\org\xmlunit\xmlunit-core\2.9.1\xmlunit-core-2.9.1.jar;D:\dev\.m2_repo\org\mybatis\spring\boot\mybatis-spring-boot-starter-test\3.0.3\mybatis-spring-boot-starter-test-3.0.3.jar;D:\dev\.m2_repo\org\mybatis\spring\boot\mybatis-spring-boot-test-autoconfigure\3.0.3\mybatis-spring-boot-test-autoconfigure-3.0.3.jar;D:\dev\.m2_repo\org\springframework\spring-tx\6.1.12\spring-tx-6.1.12.jar;D:\dev\.m2_repo\org\assertj\assertj-core\3.25.3\assertj-core-3.25.3.jar;D:\dev\.m2_repo\net\bytebuddy\byte-buddy\1.14.19\byte-buddy-1.14.19.jar;D:\dev\.m2_repo\com\h2database\h2\2.2.224\h2-2.2.224.jar;D:\dev\.m2_repo\org\projectlombok\lombok\1.18.34\lombok-1.18.34.jar;D:\dev\.m2_repo\org\junit\jupiter\junit-jupiter-api\5.11.0\junit-jupiter-api-5.11.0.jar;D:\dev\.m2_repo\org\opentest4j\opentest4j\1.3.0\opentest4j-1.3.0.jar;D:\dev\.m2_repo\org\junit\platform\junit-platform-commons\1.11.0\junit-platform-commons-1.11.0.jar;D:\dev\.m2_repo\org\apiguardian\apiguardian-api\1.1.2\apiguardian-api-1.1.2.jar;D:\dev\.m2_repo\org\junit\jupiter\junit-jupiter-params\5.11.0\junit-jupiter-params-5.11.0.jar;"/>
    <property name="java.vm.vendor" value="Oracle Corporation"/>
    <property name="sun.arch.data.model" value="64"/>
    <property name="user.variant" value=""/>
    <property name="java.vendor.url" value="https://java.oracle.com/"/>
    <property name="user.timezone" value="America/New_York"/>
    <property name="os.name" value="Windows 11"/>
    <property name="java.vm.specification.version" value="22"/>
    <property name="sun.java.launcher" value="SUN_STANDARD"/>
    <property name="user.country" value="US"/>
    <property name="sun.boot.library.path" value="C:\Program Files\OpenJDK\jdk-22.0.2\bin"/>
    <property name="sun.java.command" value="C:\Users\tvatt\AppData\Local\Temp\surefire5922520678713352555\surefirebooter-20250116204213265_3.jar C:\Users\tvatt\AppData\Local\Temp\surefire5922520678713352555 2025-01-16T20-42-10_907-jvmRun1 surefire-20250116204213265_1tmp surefire_0-20250116204213265_2tmp"/>
    <property name="jdk.debug" value="release"/>
    <property name="surefire.test.class.path" value="D:\dev\projects\lego-collection\lego-data-service\lego-data-service-impl\target\test-classes;D:\dev\projects\lego-collection\lego-data-service\lego-data-service-impl\target\classes;D:\dev\.m2_repo\org\springframework\boot\spring-boot-starter\3.3.3\spring-boot-starter-3.3.3.jar;D:\dev\.m2_repo\org\springframework\boot\spring-boot\3.3.3\spring-boot-3.3.3.jar;D:\dev\.m2_repo\org\springframework\spring-context\6.1.12\spring-context-6.1.12.jar;D:\dev\.m2_repo\org\springframework\spring-aop\6.1.12\spring-aop-6.1.12.jar;D:\dev\.m2_repo\org\springframework\spring-beans\6.1.12\spring-beans-6.1.12.jar;D:\dev\.m2_repo\org\springframework\spring-expression\6.1.12\spring-expression-6.1.12.jar;D:\dev\.m2_repo\io\micrometer\micrometer-observation\1.13.3\micrometer-observation-1.13.3.jar;D:\dev\.m2_repo\io\micrometer\micrometer-commons\1.13.3\micrometer-commons-1.13.3.jar;D:\dev\.m2_repo\org\springframework\boot\spring-boot-autoconfigure\3.3.3\spring-boot-autoconfigure-3.3.3.jar;D:\dev\.m2_repo\org\springframework\boot\spring-boot-starter-logging\3.3.3\spring-boot-starter-logging-3.3.3.jar;D:\dev\.m2_repo\ch\qos\logback\logback-classic\1.5.7\logback-classic-1.5.7.jar;D:\dev\.m2_repo\ch\qos\logback\logback-core\1.5.7\logback-core-1.5.7.jar;D:\dev\.m2_repo\org\apache\logging\log4j\log4j-to-slf4j\2.23.1\log4j-to-slf4j-2.23.1.jar;D:\dev\.m2_repo\org\apache\logging\log4j\log4j-api\2.23.1\log4j-api-2.23.1.jar;D:\dev\.m2_repo\org\slf4j\jul-to-slf4j\2.0.16\jul-to-slf4j-2.0.16.jar;D:\dev\.m2_repo\jakarta\annotation\jakarta.annotation-api\2.1.1\jakarta.annotation-api-2.1.1.jar;D:\dev\.m2_repo\org\springframework\spring-core\6.1.12\spring-core-6.1.12.jar;D:\dev\.m2_repo\org\springframework\spring-jcl\6.1.12\spring-jcl-6.1.12.jar;D:\dev\.m2_repo\org\yaml\snakeyaml\2.2\snakeyaml-2.2.jar;D:\dev\.m2_repo\org\mybatis\spring\boot\mybatis-spring-boot-starter\3.0.3\mybatis-spring-boot-starter-3.0.3.jar;D:\dev\.m2_repo\org\springframework\boot\spring-boot-starter-jdbc\3.3.3\spring-boot-starter-jdbc-3.3.3.jar;D:\dev\.m2_repo\org\springframework\spring-jdbc\6.1.12\spring-jdbc-6.1.12.jar;D:\dev\.m2_repo\org\mybatis\spring\boot\mybatis-spring-boot-autoconfigure\3.0.3\mybatis-spring-boot-autoconfigure-3.0.3.jar;D:\dev\.m2_repo\org\mybatis\mybatis\3.5.14\mybatis-3.5.14.jar;D:\dev\.m2_repo\org\mybatis\mybatis-spring\3.0.3\mybatis-spring-3.0.3.jar;D:\dev\projects\lego-collection\lego-data-service\lego-data-service-model\target\lego-data-service-model-1.0.0-SNAPSHOT.jar;D:\dev\.m2_repo\net\lego\lego-data\1.3.0-SNAPSHOT\lego-data-1.3.0-SNAPSHOT.jar;D:\dev\.m2_repo\com\mysql\mysql-connector-j\8.3.0\mysql-connector-j-8.3.0.jar;D:\dev\.m2_repo\com\fasterxml\jackson\datatype\jackson-datatype-jsr310\2.17.2\jackson-datatype-jsr310-2.17.2.jar;D:\dev\.m2_repo\com\fasterxml\jackson\core\jackson-annotations\2.17.2\jackson-annotations-2.17.2.jar;D:\dev\.m2_repo\com\fasterxml\jackson\core\jackson-core\2.17.2\jackson-core-2.17.2.jar;D:\dev\.m2_repo\com\fasterxml\jackson\core\jackson-databind\2.17.2\jackson-databind-2.17.2.jar;D:\dev\.m2_repo\com\fasterxml\jackson\datatype\jackson-datatype-jdk8\2.17.2\jackson-datatype-jdk8-2.17.2.jar;D:\dev\.m2_repo\com\zaxxer\HikariCP\5.1.0\HikariCP-5.1.0.jar;D:\dev\.m2_repo\org\slf4j\slf4j-api\2.0.16\slf4j-api-2.0.16.jar;D:\dev\.m2_repo\org\apache\commons\commons-lang3\3.17.0\commons-lang3-3.17.0.jar;D:\dev\.m2_repo\org\springframework\boot\spring-boot-starter-test\3.3.3\spring-boot-starter-test-3.3.3.jar;D:\dev\.m2_repo\org\springframework\boot\spring-boot-test\3.3.3\spring-boot-test-3.3.3.jar;D:\dev\.m2_repo\org\springframework\boot\spring-boot-test-autoconfigure\3.3.3\spring-boot-test-autoconfigure-3.3.3.jar;D:\dev\.m2_repo\com\jayway\jsonpath\json-path\2.9.0\json-path-2.9.0.jar;D:\dev\.m2_repo\jakarta\xml\bind\jakarta.xml.bind-api\4.0.2\jakarta.xml.bind-api-4.0.2.jar;D:\dev\.m2_repo\jakarta\activation\jakarta.activation-api\2.1.3\jakarta.activation-api-2.1.3.jar;D:\dev\.m2_repo\net\minidev\json-smart\2.5.1\json-smart-2.5.1.jar;D:\dev\.m2_repo\net\minidev\accessors-smart\2.5.1\accessors-smart-2.5.1.jar;D:\dev\.m2_repo\org\ow2\asm\asm\9.6\asm-9.6.jar;D:\dev\.m2_repo\org\awaitility\awaitility\4.2.2\awaitility-4.2.2.jar;D:\dev\.m2_repo\org\hamcrest\hamcrest\2.2\hamcrest-2.2.jar;D:\dev\.m2_repo\org\junit\jupiter\junit-jupiter\5.11.0\junit-jupiter-5.11.0.jar;D:\dev\.m2_repo\org\junit\jupiter\junit-jupiter-engine\5.11.0\junit-jupiter-engine-5.11.0.jar;D:\dev\.m2_repo\org\junit\platform\junit-platform-engine\1.11.0\junit-platform-engine-1.11.0.jar;D:\dev\.m2_repo\org\mockito\mockito-core\5.11.0\mockito-core-5.11.0.jar;D:\dev\.m2_repo\net\bytebuddy\byte-buddy-agent\1.14.19\byte-buddy-agent-1.14.19.jar;D:\dev\.m2_repo\org\objenesis\objenesis\3.3\objenesis-3.3.jar;D:\dev\.m2_repo\org\mockito\mockito-junit-jupiter\5.11.0\mockito-junit-jupiter-5.11.0.jar;D:\dev\.m2_repo\org\skyscreamer\jsonassert\1.5.3\jsonassert-1.5.3.jar;D:\dev\.m2_repo\com\vaadin\external\google\android-json\0.0.20131108.vaadin1\android-json-0.0.20131108.vaadin1.jar;D:\dev\.m2_repo\org\springframework\spring-test\6.1.12\spring-test-6.1.12.jar;D:\dev\.m2_repo\org\xmlunit\xmlunit-core\2.9.1\xmlunit-core-2.9.1.jar;D:\dev\.m2_repo\org\mybatis\spring\boot\mybatis-spring-boot-starter-test\3.0.3\mybatis-spring-boot-starter-test-3.0.3.jar;D:\dev\.m2_repo\org\mybatis\spring\boot\mybatis-spring-boot-test-autoconfigure\3.0.3\mybatis-spring-boot-test-autoconfigure-3.0.3.jar;D:\dev\.m2_repo\org\springframework\spring-tx\6.1.12\spring-tx-6.1.12.jar;D:\dev\.m2_repo\org\assertj\assertj-core\3.25.3\assertj-core-3.25.3.jar;D:\dev\.m2_repo\net\bytebuddy\byte-buddy\1.14.19\byte-buddy-1.14.19.jar;D:\dev\.m2_repo\com\h2database\h2\2.2.224\h2-2.2.224.jar;D:\dev\.m2_repo\org\projectlombok\lombok\1.18.34\lombok-1.18.34.jar;D:\dev\.m2_repo\org\junit\jupiter\junit-jupiter-api\5.11.0\junit-jupiter-api-5.11.0.jar;D:\dev\.m2_repo\org\opentest4j\opentest4j\1.3.0\opentest4j-1.3.0.jar;D:\dev\.m2_repo\org\junit\platform\junit-platform-commons\1.11.0\junit-platform-commons-1.11.0.jar;D:\dev\.m2_repo\org\apiguardian\apiguardian-api\1.1.2\apiguardian-api-1.1.2.jar;D:\dev\.m2_repo\org\junit\jupiter\junit-jupiter-params\5.11.0\junit-jupiter-params-5.11.0.jar;"/>
    <property name="sun.cpu.endian" value="little"/>
    <property name="user.home" value="C:\Users\tvatt"/>
    <property name="user.language" value="en"/>
    <property name="java.specification.vendor" value="Oracle Corporation"/>
    <property name="java.version.date" value="2024-07-16"/>
    <property name="java.home" value="C:\Program Files\OpenJDK\jdk-22.0.2"/>
    <property name="file.separator" value="\"/>
    <property name="basedir" value="D:\dev\projects\lego-collection\lego-data-service\lego-data-service-impl"/>
    <property name="java.vm.compressedOopsMode" value="Zero based"/>
    <property name="line.separator" value="&#10;"/>
    <property name="java.vm.specification.vendor" value="Oracle Corporation"/>
    <property name="java.specification.name" value="Java Platform API Specification"/>
    <property name="surefire.real.class.path" value="C:\Users\tvatt\AppData\Local\Temp\surefire5922520678713352555\surefirebooter-20250116204213265_3.jar"/>
    <property name="user.script" value=""/>
    <property name="sun.management.compiler" value="HotSpot 64-Bit Tiered Compilers"/>
    <property name="java.runtime.version" value="22.0.2+9-70"/>
    <property name="user.name" value="tvatt"/>
    <property name="stdout.encoding" value="Cp1252"/>
    <property name="path.separator" value=";"/>
    <property name="os.version" value="10.0"/>
    <property name="java.runtime.name" value="OpenJDK Runtime Environment"/>
    <property name="file.encoding" value="UTF-8"/>
    <property name="java.vm.name" value="OpenJDK 64-Bit Server VM"/>
    <property name="localRepository" value="D:\dev\.m2_repo"/>
    <property name="java.vendor.url.bug" value="https://bugreport.java.com/bugreport/"/>
    <property name="java.io.tmpdir" value="C:\Users\tvatt\AppData\Local\Temp\"/>
    <property name="idea.version" value="2024.1.1"/>
    <property name="java.version" value="22.0.2"/>
    <property name="user.dir" value="D:\dev\projects\lego-collection\lego-data-service\lego-data-service-impl"/>
    <property name="os.arch" value="amd64"/>
    <property name="java.vm.specification.name" value="Java Virtual Machine Specification"/>
    <property name="sun.os.patch.level" value=""/>
    <property name="native.encoding" value="Cp1252"/>
    <property name="java.library.path" value="C:\Program Files\OpenJDK\jdk-22.0.2\bin;C:\WINDOWS\Sun\Java\bin;C:\WINDOWS\system32;C:\WINDOWS;C:\Program Files (x86)\Common Files\Intel\Shared Libraries\redist\intel64\compiler;C:\WINDOWS\system32;C:\WINDOWS;C:\WINDOWS\System32\Wbem;C:\WINDOWS\System32\WindowsPowerShell\v1.0\;C:\WINDOWS\System32\OpenSSH\;C:\Program Files (x86)\NVIDIA Corporation\PhysX\Common;C:\ProgramData\chocolatey\bin;C:\Program Files (x86)\Common Files\Acronis\VirtualFile\;C:\Program Files (x86)\Common Files\Acronis\VirtualFile64\;C:\Program Files (x86)\Common Files\Acronis\FileProtector\;C:\Program Files (x86)\Common Files\Acronis\FileProtector64\;C:\Program Files (x86)\Common Files\Acronis\SnapAPI\;C:\Program Files\RedHat\Podman\;C:\Program Files\Git\cmd;C:\ProgramData\chocolatey\lib\maven\apache-maven-3.9.8\bin;C:\Program Files\Amazon\AWSCLIV2\;C:\Program Files\dotnet\;C:\Program Files\OpenJDK\jdk-22.0.2\bin;C:\Windows\system32\config\systemprofile\AppData\Local\Microsoft\WindowsApps;C:\Users\tvatt\AppData\Local\Programs\Lens\resources\cli\bin;C:\Users\tvatt\.jetbrains\kubectl;;%USERPROFILE%\AppData\Local\Microsoft\WindowsApps;."/>
    <property name="java.vm.info" value="mixed mode, sharing"/>
    <property name="stderr.encoding" value="Cp1252"/>
    <property name="java.vendor" value="Oracle Corporation"/>
    <property name="java.vm.version" value="22.0.2+9-70"/>
    <property name="sun.io.unicode.encoding" value="UnicodeLittle"/>
    <property name="maven.repo.local" value="D:\dev\.m2_repo"/>
    <property name="java.class.version" value="66.0"/>
  </properties>
  <testcase name="addItemInventory" classname="com.vattima.lego.inventory.service.impl.ItemInventoryServiceTest" time="0.671">
    <system-out><![CDATA[20:42:14.361 [main] INFO com.vattima.lego.inventory.service.impl.ItemInventoryServiceTest -- []
]]></system-out>
    <system-err><![CDATA[WARNING: A Java agent has been loaded dynamically (D:\dev\.m2_repo\net\bytebuddy\byte-buddy-agent\1.14.19\byte-buddy-agent-1.14.19.jar)
WARNING: If a serviceability tool is in use, please run with -XX:+EnableDynamicAgentLoading to hide this warning
WARNING: If a serviceability tool is not in use, please run with -Djdk.instrument.traceUsage for more information
WARNING: Dynamic loading of agents will be disallowed by default in a future release
]]></system-err>
  </testcase>
</testsuite>